<?xml version="1.0" encoding="UTF-8" standalone="no"?>
<testsuite failures="0" name="cucumber.runtime.formatter.JUnitFormatter" skipped="0" tests="1" time="97.458983">
<testcase classname="about fb login" name="Fb login test scenario" time="97.458983">
<system-out><![CDATA[Given user opens browser....................................................passed
When user is already on login page..........................................passed
Then enter email id and enter password......................................passed
And click on login button...................................................passed
Then close the browser......................................................passed
]]></system-out>
</testcase>
</testsuite>
